<?xml version="1.0" encoding="UTF-8"?>
<testng-results ignored="0" total="3" passed="3" failed="0" skipped="0">
  <reporter-output>
  </reporter-output>
  <suite started-at="2025-11-03T11:59:39 IST" name="All Test Suite" finished-at="2025-11-03T12:00:01 IST" duration-ms="21337">
    <groups>
    </groups>
    <test started-at="2025-11-03T11:59:39 IST" name="F:/Spring boot Project intelije/shuseDemo/testng.xml" finished-at="2025-11-03T12:00:01 IST" duration-ms="21337">
      <class name="productsTest">
        <test-method is-config="true" signature="setup()[pri:0, instance:productsTest@51c668e3]" started-at="2025-11-03T11:59:54 IST" name="setup" finished-at="2025-11-03T11:59:58 IST" duration-ms="4635" status="PASS">
          <reporter-output>
          </reporter-output>
        </test-method> <!-- setup -->
        <test-method signature="verifyAddToCart()[pri:0, instance:productsTest@51c668e3]" started-at="2025-11-03T11:59:58 IST" name="verifyAddToCart" finished-at="2025-11-03T11:59:59 IST" duration-ms="1112" status="PASS">
          <reporter-output>
          </reporter-output>
        </test-method> <!-- verifyAddToCart -->
        <test-method is-config="true" signature="tearDown()[pri:0, instance:productsTest@51c668e3]" started-at="2025-11-03T12:00:00 IST" name="tearDown" finished-at="2025-11-03T12:00:01 IST" duration-ms="1192" status="PASS">
          <reporter-output>
          </reporter-output>
        </test-method> <!-- tearDown -->
      </class> <!-- productsTest -->
      <class name="loginTest">
        <test-method is-config="true" signature="setup()[pri:0, instance:loginTest@27462a88]" started-at="2025-11-03T11:59:40 IST" name="setup" finished-at="2025-11-03T11:59:44 IST" duration-ms="4872" status="PASS">
          <reporter-output>
          </reporter-output>
        </test-method> <!-- setup -->
        <test-method signature="verifyInvalidLogin()[pri:0, instance:loginTest@27462a88]" started-at="2025-11-03T11:59:44 IST" name="verifyInvalidLogin" finished-at="2025-11-03T11:59:45 IST" duration-ms="644" status="PASS">
          <reporter-output>
          </reporter-output>
        </test-method> <!-- verifyInvalidLogin -->
        <test-method is-config="true" signature="tearDown()[pri:0, instance:loginTest@27462a88]" started-at="2025-11-03T11:59:45 IST" name="tearDown" finished-at="2025-11-03T11:59:47 IST" duration-ms="1572" status="PASS">
          <reporter-output>
          </reporter-output>
        </test-method> <!-- tearDown -->
        <test-method is-config="true" signature="setup()[pri:0, instance:loginTest@27462a88]" started-at="2025-11-03T11:59:47 IST" name="setup" finished-at="2025-11-03T11:59:50 IST" duration-ms="2884" status="PASS">
          <reporter-output>
          </reporter-output>
        </test-method> <!-- setup -->
        <test-method signature="verifyValidLogin()[pri:0, instance:loginTest@27462a88]" started-at="2025-11-03T11:59:50 IST" name="verifyValidLogin" finished-at="2025-11-03T11:59:52 IST" duration-ms="2456" status="PASS">
          <reporter-output>
          </reporter-output>
        </test-method> <!-- verifyValidLogin -->
        <test-method is-config="true" signature="tearDown()[pri:0, instance:loginTest@27462a88]" started-at="2025-11-03T11:59:52 IST" name="tearDown" finished-at="2025-11-03T11:59:54 IST" duration-ms="1185" status="PASS">
          <reporter-output>
          </reporter-output>
        </test-method> <!-- tearDown -->
      </class> <!-- loginTest -->
    </test> <!-- F:/Spring boot Project intelije/shuseDemo/testng.xml -->
  </suite> <!-- All Test Suite -->
</testng-results>
